<?xml version="1.0" encoding="UTF-8"?>
<!-- Generated by org.testng.reporters.JUnitReportReporter -->
<testsuite hostname="DESKTOP-AQOQ1M1" failures="0" tests="4" name="testNGPractice.Keywords" time="0.009" errors="0" timestamp="2021-09-12T11:38:31 IST" skipped="0">
  <testcase classname="testNGPractice.Keywords" name="login" time="0.004"/>
  <system-out/>
  <testcase classname="testNGPractice.Keywords" name="dashboard" time="0.001"/>
  <system-out/>
  <testcase classname="testNGPractice.Keywords" name="profile" time="0.002"/>
  <system-out/>
  <testcase classname="testNGPractice.Keywords" name="logout" time="0.002"/>
  <system-out/>
</testsuite> <!-- testNGPractice.Keywords -->
